2017-2-13 10:35:08 [INFO] Loading nukkit.yml...
2017-2-13 10:35:08 [INFO] Loading server properties...
2017-2-13 10:35:08 [INFO] 将 中文(简体) (chs) 设定为基本语言
2017-2-13 10:35:08 [INFO] 正在启动支持 Minecraft: PE v1.0.0 版本的服务器
2017-2-13 10:35:08 [INFO] 正在启动服务器在 0.0.0.0:19132
2017-2-13 10:35:08 [INFO] 此服务器正在运行 Nukkit 1.0dev 版本 "蘋果(Apple)派(Pie)" (API 1.0.0)
2017-2-13 10:35:08 [INFO] Nukkit 根据 LGPL 许可发行
2017-2-13 10:35:08 [INFO] 读取中... Money v1.6.1
2017-2-13 10:35:08 [INFO] 读取中... Mr_Popup v1.3.3
2017-2-13 10:35:08 [INFO] 开启中... Money v1.6.1
2017-2-13 10:35:08 [INFO] 准备地图中... "world"
2017-2-13 10:35:08 [INFO] 开启中... Mr_Popup v1.3.3
2017-2-13 10:35:08 [INFO] [Mr_Popup] 检测到Mr_CORE插件没有加载,正在关闭插件
2017-2-13 10:35:08 [INFO] 关闭中... Mr_Popup v1.3.3
2017-2-13 10:35:08 [INFO] 启动 GS4 状态监听器
2017-2-13 10:35:08 [INFO] 将 Query 端口设定为 19132
2017-2-13 10:35:08 [INFO] Query 运行在 0.0.0.0:19132
2017-2-13 10:35:08 [INFO] 默认的游戏模式为：生存模式
2017-2-13 10:35:08 [INFO] 启动完成 (1.108s)！如需帮助，请输入 "help" 或 "?"
2017-2-13 10:35:19 [INFO] 插件 (2)：Money v1.6.1, Mr_Popup v1.3.3
2017-2-13 10:35:21 [INFO] [CONSOLE: 正在关闭服务器]
2017-2-13 10:35:21 [INFO] 关闭中... Money v1.6.1
2017-2-13 10:35:21 [INFO] 正在移除地图 "world"
2017-2-13 10:35:21 [INFO] Stopping other threads
