2017-3-3 09:23:40 [INFO] Loading nukkit.yml...
2017-3-3 09:23:41 [INFO] Loading server properties...
2017-3-3 09:23:41 [INFO] 将 中文(简体) (chs) 设定为基本语言
2017-3-3 09:23:41 [INFO] 正在启动支持 Minecraft: PE v1.0.0 版本的服务器
2017-3-3 09:23:41 [INFO] 正在启动服务器在 0.0.0.0:19132
2017-3-3 09:23:41 [INFO] 此服务器正在运行 Nukkit 1.0dev 版本 "蘋果(Apple)派(Pie)" (API 1.0.0)
2017-3-3 09:23:41 [INFO] Nukkit 根据 LGPL 许可发行
2017-3-3 09:23:41 [ERROR] 无法读取插件 'Mr_Popup'：已有相同插件
2017-3-3 09:23:41 [INFO] 读取中... Money v1.6.1
2017-3-3 09:23:41 [INFO] 读取中... Mr_Popup v1.3.5
2017-3-3 09:23:41 [INFO] 读取中... Zchat v1.0.0
2017-3-3 09:23:41 [INFO] 开启中... Money v1.6.1
2017-3-3 09:23:42 [INFO] 准备地图中... "world"
2017-3-3 09:23:42 [INFO] 开启中... Mr_Popup v1.3.5
2017-3-3 09:23:42 [INFO] [Mr_Popup] Money插件检测: 通过
2017-3-3 09:23:42 [INFO] [Mr_Popup] Zchat插件检测: 通过
2017-3-3 09:23:43 [INFO] [Mr_Popup] 插件已是最新版本,无需更新!
2017-3-3 09:23:43 [INFO] [Mr_Popup] 插件加载成功,本插件作者Mr_sky,zxda-uid:9886(贱哥啊哈哈)
2017-3-3 09:23:43 [INFO] 开启中... Zchat v1.0.0
2017-3-3 09:23:43 [INFO] 插件加载，by:zixuan
2017-3-3 09:23:43 [INFO] 启动 GS4 状态监听器
2017-3-3 09:23:43 [INFO] 将 Query 端口设定为 19132
2017-3-3 09:23:43 [INFO] Query 运行在 0.0.0.0:19132
2017-3-3 09:23:43 [INFO] 默认的游戏模式为：生存模式
2017-3-3 09:23:43 [INFO] 启动完成 (2.927s)！如需帮助，请输入 "help" 或 "?"
2017-3-3 09:23:45 [INFO] [CONSOLE: 正在关闭服务器]
2017-3-3 09:23:45 [INFO] 关闭中... Zchat v1.0.0
2017-3-3 09:23:46 [INFO] 关闭中... Mr_Popup v1.3.5
2017-3-3 09:23:46 [INFO] 关闭中... Money v1.6.1
2017-3-3 09:23:46 [INFO] 正在移除地图 "world"
2017-3-3 09:23:46 [INFO] Stopping other threads
