2017-3-3 09:26:22 [INFO] Loading nukkit.yml...
2017-3-3 09:26:22 [INFO] Loading server properties...
2017-3-3 09:26:22 [INFO] 将 中文(简体) (chs) 设定为基本语言
2017-3-3 09:26:22 [INFO] 正在启动支持 Minecraft: PE v1.0.0 版本的服务器
2017-3-3 09:26:22 [INFO] 正在启动服务器在 0.0.0.0:19132
2017-3-3 09:26:22 [INFO] 此服务器正在运行 Nukkit 1.0dev 版本 "蘋果(Apple)派(Pie)" (API 1.0.0)
2017-3-3 09:26:22 [INFO] Nukkit 根据 LGPL 许可发行
2017-3-3 09:26:23 [INFO] 读取中... Money v1.6.1
2017-3-3 09:26:23 [INFO] 读取中... Mr_Popup v1.3.5
2017-3-3 09:26:23 [INFO] 读取中... Zchat v1.0.0
2017-3-3 09:26:23 [INFO] 开启中... Money v1.6.1
2017-3-3 09:26:23 [INFO] 准备地图中... "world"
2017-3-3 09:26:23 [INFO] 开启中... Mr_Popup v1.3.5
2017-3-3 09:26:23 [INFO] [Mr_Popup] 插件已是最新版本,无需更新!
2017-3-3 09:26:23 [INFO] [Mr_Popup] Money插件检测: 通过
2017-3-3 09:26:23 [INFO] [Mr_Popup] Mr_Love插件检测: 不通过
2017-3-3 09:26:23 [WARNING] [Mr_Popup] 请使用Mr_Love插件以提供更好的插件支持！
2017-3-3 09:26:23 [INFO] 关闭中... Mr_Popup v1.3.5
2017-3-3 09:26:23 [INFO] 开启中... Zchat v1.0.0
2017-3-3 09:26:23 [INFO] 插件加载，by:zixuan
2017-3-3 09:26:23 [INFO] 启动 GS4 状态监听器
2017-3-3 09:26:23 [INFO] 将 Query 端口设定为 19132
2017-3-3 09:26:23 [INFO] Query 运行在 0.0.0.0:19132
2017-3-3 09:26:23 [INFO] 默认的游戏模式为：生存模式
2017-3-3 09:26:23 [INFO] 启动完成 (1.357s)！如需帮助，请输入 "help" 或 "?"
2017-3-3 09:26:29 [INFO] [CONSOLE: 正在关闭服务器]
2017-3-3 09:26:29 [INFO] 关闭中... Zchat v1.0.0
2017-3-3 09:26:29 [INFO] 关闭中... Money v1.6.1
2017-3-3 09:26:29 [INFO] 正在移除地图 "world"
2017-3-3 09:26:29 [INFO] Stopping other threads
