2017-2-10 21:47:10 [INFO] Loading nukkit.yml...
2017-2-10 21:47:10 [INFO] Loading server properties...
2017-2-10 21:47:10 [INFO] 将 中文(简体) (chs) 设定为基本语言
2017-2-10 21:47:10 [INFO] 正在启动支持 Minecraft: PE v1.0.0 版本的服务器
2017-2-10 21:47:11 [INFO] 正在启动服务器在 0.0.0.0:19132
2017-2-10 21:47:11 [INFO] 此服务器正在运行 Nukkit 1.0dev 版本 "蘋果(Apple)派(Pie)" (API 1.0.0)
2017-2-10 21:47:11 [INFO] Nukkit 根据 LGPL 许可发行
2017-2-10 21:47:11 [INFO] 读取中... Money v1.6.1
2017-2-10 21:47:11 [INFO] 读取中... Mr_Popup v1.3.3
2017-2-10 21:47:11 [INFO] 开启中... Money v1.6.1
2017-2-10 21:47:11 [INFO] 准备地图中... "world"
2017-2-10 21:47:11 [INFO] 开启中... Mr_Popup v1.3.3
2017-2-10 21:47:11 [INFO] [Mr_Popup] 插件加载成功,本插件作者Mr_sky,zxda-uid:9886(贱哥啊哈哈)
2017-2-10 21:47:11 [INFO] [Mr_Popup] 本插件测试服务器由Greaty云提供,版主QQ2635435377
2017-2-10 21:47:11 [INFO] 启动 GS4 状态监听器
2017-2-10 21:47:11 [INFO] 将 Query 端口设定为 19132
2017-2-10 21:47:11 [INFO] Query 运行在 0.0.0.0:19132
2017-2-10 21:47:11 [INFO] 默认的游戏模式为：生存模式
2017-2-10 21:47:11 [INFO] 启动完成 (1.824s)！如需帮助，请输入 "help" 或 "?"
2017-2-10 21:47:14 [INFO] [Mr_Popup]请使用/popup help 以查看帮助
2017-2-10 21:47:18 [INFO] [Mr_Popup]请使用/popup reload 以重载插件!
2017-2-10 21:47:18 [INFO] [Mr_Popup]请使用/popup world <add/del> <世界名> 以添加不显示底部的世界!
2017-2-10 21:47:26 [INFO] 成功添加世界[world]到不显示底部列表
2017-2-10 21:48:46 [INFO] [CONSOLE: 重新读取服务器...]
2017-2-10 21:48:46 [INFO] Reloading...
2017-2-10 21:48:46 [INFO] Saving levels...
2017-2-10 21:48:46 [INFO] 关闭中... Mr_Popup v1.3.3
2017-2-10 21:48:47 [INFO] 关闭中... Money v1.6.1
2017-2-10 21:48:47 [INFO] Reloading properties...
2017-2-10 21:48:47 [ERROR] 无法读取插件 'Mr_Popup'：已有相同插件
2017-2-10 21:48:47 [INFO] 读取中... Money v1.6.1
2017-2-10 21:48:47 [INFO] 读取中... Mr_Popup v1.3.3
2017-2-10 21:48:47 [INFO] 开启中... Money v1.6.1
2017-2-10 21:48:47 [INFO] 开启中... Mr_Popup v1.3.3
2017-2-10 21:48:47 [INFO] [Mr_Popup] 插件加载成功,本插件作者Mr_sky,zxda-uid:9886(贱哥啊哈哈)
2017-2-10 21:48:47 [INFO] [Mr_Popup] 本插件测试服务器由Greaty云提供,版主QQ2635435377
2017-2-10 21:48:47 [INFO] [CONSOLE: 重新读取完成]
2017-2-10 21:49:02 [INFO] 未知的指令。请使用 /help 来显示指令列表。
2017-2-10 21:49:05 [INFO] --- 显示帮助手册总 1 页中的第 1 页 (/help <页码>) ---
2017-2-10 21:49:05 [INFO] /4: 
2017-2-10 21:49:05 [INFO] /ban: 禁止指定的玩家加入此服务器
2017-2-10 21:49:05 [INFO] /ban-ip: 禁止指定的 IP 地址加入此服务器
2017-2-10 21:49:05 [INFO] /bank: 
2017-2-10 21:49:05 [INFO] /banlist: 查看该服务器封禁的所有玩家
2017-2-10 21:49:05 [INFO] /chs: 
2017-2-10 21:49:05 [INFO] /coin: 
2017-2-10 21:49:05 [INFO] /coinlist: 
2017-2-10 21:49:05 [INFO] /defaultgamemode: 设置默认的游戏模式
2017-2-10 21:49:05 [INFO] /deop: 取消指定玩家的管理员权限
2017-2-10 21:49:05 [INFO] /difficulty: 设置游戏的难易度
2017-2-10 21:49:05 [INFO] /effect: 增加/减少玩家身上的效果
2017-2-10 21:49:05 [INFO] /enchant: 为物品附魔
2017-2-10 21:49:05 [INFO] /gamemode: 改变玩家到一个特定的游戏模式
2017-2-10 21:49:05 [INFO] /give: 给指定玩家一定数量的物品
2017-2-10 21:49:05 [INFO] /givecoin: 
2017-2-10 21:49:05 [INFO] /giveonlinecoin: 
2017-2-10 21:49:05 [INFO] /giveonlinepoint: 
2017-2-10 21:49:05 [INFO] /givepoint: 
2017-2-10 21:49:05 [INFO] /help: 显示帮助列表
2017-2-10 21:49:05 [INFO] /kick: 从服务器中删除指定玩家
2017-2-10 21:49:05 [INFO] /kill: 自杀或杀死其他玩家
2017-2-10 21:49:05 [INFO] /list: 显示在线玩家列表
2017-2-10 21:49:05 [INFO] /me: 于聊天中作出指定的动作
2017-2-10 21:49:05 [INFO] /op: 赋予指定玩家管理员权限
2017-2-10 21:49:05 [INFO] /pardon: 允许指定玩家加入此服务器
2017-2-10 21:49:05 [INFO] /pardon-ip: 允许指定 IP 地址加入此服务器
2017-2-10 21:49:05 [INFO] /particle: 加入粒子效果至世界
2017-2-10 21:49:05 [INFO] /paycoin: 
2017-2-10 21:49:05 [INFO] /paypoint: 
2017-2-10 21:49:05 [INFO] /plugins: 获取在服务器上运行的插件列表
2017-2-10 21:49:05 [INFO] /point: 
2017-2-10 21:49:05 [INFO] /pointlist: 
2017-2-10 21:49:05 [INFO] /popup: Mr_Popup主命令
2017-2-10 21:49:05 [INFO] /reload: 重新读取服务器设定和插件
2017-2-10 21:49:05 [INFO] /save-all: 保存服务器数据到磁盘上
2017-2-10 21:49:05 [INFO] /save-off: 停用自动保存服务器数据
2017-2-10 21:49:05 [INFO] /save-on: 启用自动保存服务器数据
2017-2-10 21:49:05 [INFO] /savebank: 
2017-2-10 21:49:05 [INFO] /say: 以发送指令者身份广播指定的讯息
2017-2-10 21:49:05 [INFO] /seed: 显示世界种子
2017-2-10 21:49:05 [INFO] /setcoin: 
2017-2-10 21:49:05 [INFO] /setpoint: 
2017-2-10 21:49:05 [INFO] /setworldspawn: 设定一个世界重生点。未指定坐标，将使用玩家的坐标。
2017-2-10 21:49:05 [INFO] /spawnpoint: 设定玩家重生点
2017-2-10 21:49:05 [INFO] /stop: 关闭服务器
2017-2-10 21:49:05 [INFO] /supersetcoin: 
2017-2-10 21:49:05 [INFO] /supersetpoint: 
2017-2-10 21:49:05 [INFO] /takebank: 
2017-2-10 21:49:05 [INFO] /tell: 发送私密信息给指定玩家
2017-2-10 21:49:05 [INFO] /time: 更改每个世界的时间
2017-2-10 21:49:05 [INFO] /timings: 计时，以检视服务器的性能。
2017-2-10 21:49:05 [INFO] /tp: 传送指定玩家（或是自己）到另一位玩家或坐标
2017-2-10 21:49:05 [INFO] /version: 查看此服务器 (及其使用的插件) 的版本
2017-2-10 21:49:05 [INFO] /weather: 设置当前地图的天气状态
2017-2-10 21:49:05 [INFO] /whitelist: 管理员允许加入此服务器的玩家列表
2017-2-10 21:49:05 [INFO] /xp: 为玩家添加一定数量或等级的经验
2017-2-10 21:49:10 [INFO] [CONSOLE: 正在关闭服务器]
2017-2-10 21:49:10 [INFO] 关闭中... Mr_Popup v1.3.3
2017-2-10 21:49:10 [INFO] 关闭中... Money v1.6.1
2017-2-10 21:49:10 [INFO] 正在移除地图 "world"
2017-2-10 21:49:10 [INFO] Stopping other threads
