2017-3-3 09:28:51 [INFO] Loading nukkit.yml...
2017-3-3 09:28:51 [INFO] Loading server properties...
2017-3-3 09:28:51 [INFO] 将 中文(简体) (chs) 设定为基本语言
2017-3-3 09:28:51 [INFO] 正在启动支持 Minecraft: PE v1.0.0 版本的服务器
2017-3-3 09:28:51 [INFO] 正在启动服务器在 0.0.0.0:19132
2017-3-3 09:28:51 [INFO] 此服务器正在运行 Nukkit 1.0dev 版本 "蘋果(Apple)派(Pie)" (API 1.0.0)
2017-3-3 09:28:51 [INFO] Nukkit 根据 LGPL 许可发行
2017-3-3 09:28:51 [INFO] 读取中... Money v1.6.1
2017-3-3 09:28:51 [INFO] 读取中... Mr_CORE v1.0.1
2017-3-3 09:28:51 [INFO] 读取中... Mr_Popup v1.3.5
2017-3-3 09:28:51 [INFO] 读取中... Mr_Love v1.0.0
2017-3-3 09:28:51 [INFO] 开启中... Money v1.6.1
2017-3-3 09:28:52 [INFO] 准备地图中... "world"
2017-3-3 09:28:52 [INFO] 开启中... Mr_CORE v1.0.1
2017-3-3 09:28:52 [INFO] [Mr_CORE] 插件正在开启，作者Mr_sky，贴吧ID贱哥啊哈哈
2017-3-3 09:28:52 [INFO] [Mr_CORE] 请删除旧版config.yml，以令插件更好的运行！
2017-3-3 09:28:52 [INFO] 开启中... Mr_Popup v1.3.5
2017-3-3 09:28:52 [INFO] [Mr_Popup] 插件已是最新版本,无需更新!
2017-3-3 09:28:52 [INFO] [Mr_Popup] Money插件检测: 通过
2017-3-3 09:28:52 [INFO] [Mr_Popup] Mr_Love插件检测: 通过
2017-3-3 09:28:52 [INFO] [Mr_Popup] 插件加载成功,本插件作者Mr_sky,zxda-uid:9886(贱哥啊哈哈)
2017-3-3 09:28:52 [INFO] 开启中... Mr_Love v1.0.0
2017-3-3 09:28:52 [INFO] [Mr_Love] 插件有新版本
2017-3-3 09:28:52 [INFO] [Mr_Love] 更新内容: 
2017-3-3 09:28:52 [INFO] [Mr_Love] 1.插件添加Zchat称号插件依赖
2017-3-3 09:28:52 [INFO] [Mr_Love] 2.插件增加检测更新模块
2017-3-3 09:28:52 [INFO] [Mr_Love] 请到https://pl.zxda.net/plugins/606.html下载更新
2017-3-3 09:28:52 [INFO] [Mr_Love] Mr_CORE插件检测: 通过
2017-3-3 09:28:52 [INFO] [Mr_Love] 插件正在开启，作者Mr_sky，贴吧ID贱哥啊哈哈
2017-3-3 09:28:52 [INFO] 启动 GS4 状态监听器
2017-3-3 09:28:52 [INFO] 将 Query 端口设定为 19132
2017-3-3 09:28:52 [INFO] Query 运行在 0.0.0.0:19132
2017-3-3 09:28:52 [INFO] 默认的游戏模式为：生存模式
2017-3-3 09:28:52 [INFO] 启动完成 (1.508s)！如需帮助，请输入 "help" 或 "?"
2017-3-3 09:29:13 [INFO] [CONSOLE: 正在关闭服务器]
2017-3-3 09:29:13 [INFO] 关闭中... Mr_Love v1.0.0
2017-3-3 09:29:13 [INFO] 关闭中... Mr_Popup v1.3.5
2017-3-3 09:29:13 [INFO] 关闭中... Mr_CORE v1.0.1
2017-3-3 09:29:13 [INFO] 关闭中... Money v1.6.1
2017-3-3 09:29:13 [INFO] 正在移除地图 "world"
2017-3-3 09:29:13 [INFO] Stopping other threads
